Determining if the pthread_create exist failed with the following output:
Change Dir: /project/malikabh/upm-c-staging/build/CMakeFiles/CMakeTmp

Run Build Command:"/usr/bin/make" "cmTryCompileExec2686060988/fast"
make: Warning: File 'Makefile' has modification time 26 s in the future
/usr/bin/make -f CMakeFiles/cmTryCompileExec2686060988.dir/build.make CMakeFiles/cmTryCompileExec2686060988.dir/build
make[1]: Entering directory '/net/nwfs001/vol/vol2/PLL/project/malikabh/upm-c-staging/build/CMakeFiles/CMakeTmp'
make[1]: Warning: File 'CMakeFiles/cmTryCompileExec2686060988.dir/flags.make' has modification time 26 s in the future
/usr/bin/cmake -E cmake_progress_report /project/malikabh/upm-c-staging/build/CMakeFiles/CMakeTmp/CMakeFiles 1
Building C object CMakeFiles/cmTryCompileExec2686060988.dir/CheckSymbolExists.c.o
/usr/bin/cc    -o CMakeFiles/cmTryCompileExec2686060988.dir/CheckSymbolExists.c.o   -c /project/malikabh/upm-c-staging/build/CMakeFiles/CMakeTmp/CheckSymbolExists.c
Linking C executable cmTryCompileExec2686060988
/usr/bin/cmake -E cmake_link_script CMakeFiles/cmTryCompileExec2686060988.dir/link.txt --verbose=1
/usr/bin/cc       CMakeFiles/cmTryCompileExec2686060988.dir/CheckSymbolExists.c.o  -o cmTryCompileExec2686060988 -rdynamic 
CMakeFiles/cmTryCompileExec2686060988.dir/CheckSymbolExists.c.o: In function `main':
CheckSymbolExists.c:(.text+0x16): undefined reference to `pthread_create'
collect2: error: ld returned 1 exit status
CMakeFiles/cmTryCompileExec2686060988.dir/build.make:88: recipe for target 'cmTryCompileExec2686060988' failed
make[1]: Leaving directory '/net/nwfs001/vol/vol2/PLL/project/malikabh/upm-c-staging/build/CMakeFiles/CMakeTmp'
make[1]: *** [cmTryCompileExec2686060988] Error 1
Makefile:117: recipe for target 'cmTryCompileExec2686060988/fast' failed
make: *** [cmTryCompileExec2686060988/fast] Error 2

File /project/malikabh/upm-c-staging/build/CMakeFiles/CMakeTmp/CheckSymbolExists.c:
/* */
#include <pthread.h>

int main(int argc, char** argv)
{
  (void)argv;
#ifndef pthread_create
  return ((int*)(&pthread_create))[argc];
#else
  (void)argc;
  return 0;
#endif
}

Determining if the function pthread_create exists in the pthreads failed with the following output:
Change Dir: /project/malikabh/upm-c-staging/build/CMakeFiles/CMakeTmp

Run Build Command:"/usr/bin/make" "cmTryCompileExec2894969161/fast"
make: Warning: File 'Makefile' has modification time 26 s in the future
/usr/bin/make -f CMakeFiles/cmTryCompileExec2894969161.dir/build.make CMakeFiles/cmTryCompileExec2894969161.dir/build
make[1]: Entering directory '/net/nwfs001/vol/vol2/PLL/project/malikabh/upm-c-staging/build/CMakeFiles/CMakeTmp'
make[1]: Warning: File 'CMakeFiles/cmTryCompileExec2894969161.dir/flags.make' has modification time 26 s in the future
/usr/bin/cmake -E cmake_progress_report /project/malikabh/upm-c-staging/build/CMakeFiles/CMakeTmp/CMakeFiles 1
Building C object CMakeFiles/cmTryCompileExec2894969161.dir/CheckFunctionExists.c.o
/usr/bin/cc   -DCHECK_FUNCTION_EXISTS=pthread_create   -o CMakeFiles/cmTryCompileExec2894969161.dir/CheckFunctionExists.c.o   -c /usr/share/cmake-3.2/Modules/CheckFunctionExists.c
Linking C executable cmTryCompileExec2894969161
/usr/bin/cmake -E cmake_link_script CMakeFiles/cmTryCompileExec2894969161.dir/link.txt --verbose=1
/usr/bin/cc   -DCHECK_FUNCTION_EXISTS=pthread_create    CMakeFiles/cmTryCompileExec2894969161.dir/CheckFunctionExists.c.o  -o cmTryCompileExec2894969161 -rdynamic -lpthreads 
/usr/bin/ld: cannot find -lpthreads
collect2: error: ld returned 1 exit status
CMakeFiles/cmTryCompileExec2894969161.dir/build.make:88: recipe for target 'cmTryCompileExec2894969161' failed
make[1]: Leaving directory '/net/nwfs001/vol/vol2/PLL/project/malikabh/upm-c-staging/build/CMakeFiles/CMakeTmp'
make[1]: *** [cmTryCompileExec2894969161] Error 1
Makefile:117: recipe for target 'cmTryCompileExec2894969161/fast' failed
make: *** [cmTryCompileExec2894969161/fast] Error 2


